2026-04-20 20:34:20,416 - INFO - Found 2859 referenced images in all Markdown files.
2026-04-20 20:34:20,417 - INFO - Found 452 total images in the 'images' directory.
2026-04-20 20:34:20,417 - INFO - Found 29 unused images to delete.
2026-04-20 20:34:20,419 - INFO - Deleted unused image: D:\GitHub\vulcan321.github.io\images\26cfd060-75bd-4ef6-9035-9bb60c2d92e9.svg+xml; charset=utf-8
2026-04-20 20:34:20,419 - INFO - Deleted unused image: D:\GitHub\vulcan321.github.io\images\1434464-20190622023108640-364056091.jpg
2026-04-20 20:34:20,421 - INFO - Deleted unused image: D:\GitHub\vulcan321.github.io\images\f7a1c3d9-8882-456b-8962-7c7a533554a2.jpg
2026-04-20 20:34:20,422 - INFO - Deleted unused image: D:\GitHub\vulcan321.github.io\images\edba0da9-af1a-4bc7-afb2-a7d961e423c6.jpg
2026-04-20 20:34:20,422 - INFO - Deleted unused image: D:\GitHub\vulcan321.github.io\images\cc04c834-0306-4dae-ad66-266cf90b0616.svg+xml; charset=utf-8
2026-04-20 20:34:20,424 - INFO - Deleted unused image: D:\GitHub\vulcan321.github.io\images\81c96262-2951-461e-a0cf-99380b0eaa17.svg+xml; charset=utf-8
2026-04-20 20:34:20,425 - INFO - Deleted unused image: D:\GitHub\vulcan321.github.io\images\6a5bb714-a7b8-484d-90ef-f20038e5435e.jpg
2026-04-20 20:34:20,425 - INFO - Deleted unused image: D:\GitHub\vulcan321.github.io\images\dd47e29a-402c-44f3-899a-323e8b2d0549.svg+xml; charset=utf-8
2026-04-20 20:34:20,426 - INFO - Deleted unused image: D:\GitHub\vulcan321.github.io\images\74da73cb-b259-4063-985d-785b02630299.png
2026-04-20 20:34:20,426 - INFO - Deleted unused image: D:\GitHub\vulcan321.github.io\images\1434464-20190622023217004-602810259.jpg
2026-04-20 20:34:20,427 - INFO - Deleted unused image: D:\GitHub\vulcan321.github.io\images\eceea09c-ae63-4b4b-a060-c1305339bec3.jpg
2026-04-20 20:34:20,428 - INFO - Deleted unused image: D:\GitHub\vulcan321.github.io\images\2890b556-25b1-4d12-86e6-187d3c90b5bd.svg+xml; charset=utf-8
2026-04-20 20:34:20,428 - INFO - Deleted unused image: D:\GitHub\vulcan321.github.io\images\c0d2d06d-982e-4c15-994f-91e142596fd4.svg+xml; charset=utf-8
2026-04-20 20:34:20,430 - INFO - Deleted unused image: D:\GitHub\vulcan321.github.io\images\8fdb131f-25ea-42ea-8732-9ae22ce56657.jpg
2026-04-20 20:34:20,431 - INFO - Deleted unused image: D:\GitHub\vulcan321.github.io\images\36233df4-da39-4c35-88aa-9a70ce538581.jpg
2026-04-20 20:34:20,431 - INFO - Deleted unused image: D:\GitHub\vulcan321.github.io\images\1434464-20190622023150158-2094667392.jpg
2026-04-20 20:34:20,432 - INFO - Deleted unused image: D:\GitHub\vulcan321.github.io\images\fd0e4ec6-eb41-40ec-aa9d-c74ab780c1b4.png
2026-04-20 20:34:20,432 - INFO - Deleted unused image: D:\GitHub\vulcan321.github.io\images\319f2a89-41ba-443e-a5df-7f498559bdc0.jpg
2026-04-20 20:34:20,433 - INFO - Deleted unused image: D:\GitHub\vulcan321.github.io\images\1434464-20190202174605408-1507113876.png
2026-04-20 20:34:20,433 - INFO - Deleted unused image: D:\GitHub\vulcan321.github.io\images\e39a06f1-4f07-4f7c-b7f6-497b47a845ff.html
2026-04-20 20:34:20,435 - INFO - Deleted unused image: D:\GitHub\vulcan321.github.io\images\20cb77c9-755f-47d7-95b5-e0e3b04e66c2.jpg
2026-04-20 20:34:20,435 - INFO - Deleted unused image: D:\GitHub\vulcan321.github.io\images\06d6dd13-8ccc-48ab-b546-3dc83f79ce4b.jpg
2026-04-20 20:34:20,436 - INFO - Deleted unused image: D:\GitHub\vulcan321.github.io\images\f167d676-f91a-495c-9f91-a9df11ce9c8a.jpg
2026-04-20 20:34:20,436 - INFO - Deleted unused image: D:\GitHub\vulcan321.github.io\images\4fc125ab-119e-4528-bb3a-6890546516f4.jpg
2026-04-20 20:34:20,437 - INFO - Deleted unused image: D:\GitHub\vulcan321.github.io\images\scrnsht2.jpg
2026-04-20 20:34:20,437 - INFO - Deleted unused image: D:\GitHub\vulcan321.github.io\images\scrnsht1.jpg
2026-04-20 20:34:20,439 - INFO - Deleted unused image: D:\GitHub\vulcan321.github.io\images\314e5056-f8c2-4e9f-abda-d7568ed09cdd.jpg
2026-04-20 20:34:20,440 - INFO - Deleted unused image: D:\GitHub\vulcan321.github.io\images\66e9b68d-d0b8-4727-8669-59ae8e44df19.jpg
2026-04-20 20:34:20,440 - INFO - Deleted unused image: D:\GitHub\vulcan321.github.io\images\7b9eeac8-dfde-4d31-abb1-0f29668f00ba.jpg
